[ 2018-02-05T11:07:17+08:00 ] ::1 ::1 GET /eclipse/test/zerg/public/banner/3?XDEBUG_SESSION_START=19120
[ log ] localhost/eclipse/test/zerg/public/banner/3?XDEBUG_SESSION_START=19120 [运行时间：0.764745s][吞吐率：1.31req/s] [内存消耗：2,077.40kb] [文件加载：28]
[ info ] [ LANG ] D:\amp\www\eclipse\test\zerg\thinkphp\lang\zh-cn.php
[ info ] [ ROUTE ] array (
  'type' => 'module',
  'module' => 
  array (
    0 => 'api',
    1 => 'v1.Banner',
    2 => 'getBanner',
  ),
  'convert' => false,
)
[ info ] [ HEADER ] array (
  'cache-control' => 'no-cache',
  'postman-token' => '32465ba1-8d97-4974-a78b-eb74dfb5f026',
  'user-agent' => 'PostmanRuntime/7.1.1',
  'accept' => '*/*',
  'host' => 'localhost',
  'cookie' => 'PHPSESSID=m4jgbe1j1jesgsesv3jbovlgr5',
  'accept-encoding' => 'gzip, deflate',
  'connection' => 'keep-alive',
)
[ info ] [ PARAM ] array (
  'XDEBUG_SESSION_START' => '19120',
  'id' => '3',
)
[ info ] [ RUN ] app\api\controller\v1\Banner->getBanner[ D:\amp\www\eclipse\test\zerg\application\api\controller\v1\Banner.php ]
[ info ] [ LOG ] INIT File

---------------------------------------------------------------
[ 2018-02-05T11:07:57+08:00 ] ::1 ::1 GET /eclipse/test/zerg/public/index1.php?XDEBUG_SESSION_START=11567
[ log ] localhost/eclipse/test/zerg/public/index1.php?XDEBUG_SESSION_START=11567 [运行时间：0.085534s][吞吐率：11.69req/s] [内存消耗：1,816.97kb] [文件加载：27]
[ info ] [ LANG ] D:\amp\www\eclipse\test\zerg\thinkphp\lang\zh-cn.php
[ info ] [ ROUTE ] array (
  'type' => 'module',
  'module' => 
  array (
    0 => 'index1.php',
    1 => NULL,
    2 => NULL,
  ),
)
[ info ] [ HEADER ] array (
  'host' => 'localhost',
  'user-agent' => 'Mozilla/5.0 (Windows NT 10.0; Win64; x64; rv:58.0) Gecko/20100101 Firefox/58.0',
  'accept' => 'text/html,application/xhtml+xml,application/xml;q=0.9,*/*;q=0.8',
  'accept-language' => 'zh-CN,zh;q=0.8,zh-TW;q=0.7,zh-HK;q=0.5,en-US;q=0.3,en;q=0.2',
  'accept-encoding' => 'gzip, deflate',
  'cookie' => 'pgv_pvi=872353792; Hm_lvt_b88cfc1ccab788f0903cac38c894caa3=1506130656; UM_distinctid=15eac61fa24449-02e08ecce3aca1-12656e4a-144000-15eac61fa253e4; CNZZDATA1585378=cnzz_eid%3D1859872925-1506126951-http%253A%252F%252Flocalhost%252F%26ntime%3D1506126951; CNZZDATA4180674=cnzz_eid%3D1443260515-1506128555-http%253A%252F%252Flocalhost%252F%26ntime%3D1506128555; CNZZDATA1259329227=1130658924-1507618073-http%253A%252F%252Flocalhost%252F%7C1507623982; Hm_lvt_1538a242553b02567eac96f751f59fa8=1507619598; Hm_lvt_080836300300be57b7f34f4b3e97d911=1515396469',
  'connection' => 'keep-alive',
  'upgrade-insecure-requests' => '1',
)
[ info ] [ PARAM ] array (
  'XDEBUG_SESSION_START' => '11567',
)
[ info ] [ LOG ] INIT File

---------------------------------------------------------------
[ 2018-02-05T11:08:58+08:00 ] ::1 ::1 GET /eclipse/test/zerg/public/banner/3?XDEBUG_SESSION_START=11567
[ log ] localhost/eclipse/test/zerg/public/banner/3?XDEBUG_SESSION_START=11567 [运行时间：31.744955s][吞吐率：0.03req/s] [内存消耗：2,080.32kb] [文件加载：28]
[ info ] [ LANG ] D:\amp\www\eclipse\test\zerg\thinkphp\lang\zh-cn.php
[ info ] [ ROUTE ] array (
  'type' => 'module',
  'module' => 
  array (
    0 => 'api',
    1 => 'v1.Banner',
    2 => 'getBanner',
  ),
  'convert' => false,
)
[ info ] [ HEADER ] array (
  'cache-control' => 'no-cache',
  'postman-token' => '77f9dbc1-98bd-4da7-9989-0d9ba69c30a9',
  'user-agent' => 'PostmanRuntime/7.1.1',
  'accept' => '*/*',
  'host' => 'localhost',
  'cookie' => 'PHPSESSID=m4jgbe1j1jesgsesv3jbovlgr5; XDEBUG_SESSION=19120',
  'accept-encoding' => 'gzip, deflate',
  'connection' => 'keep-alive',
)
[ info ] [ PARAM ] array (
  'XDEBUG_SESSION_START' => '11567',
  'id' => '3',
)
[ info ] [ RUN ] app\api\controller\v1\Banner->getBanner[ D:\amp\www\eclipse\test\zerg\application\api\controller\v1\Banner.php ]
[ info ] [ LOG ] INIT File

---------------------------------------------------------------
[ 2018-02-05T11:09:19+08:00 ] ::1 ::1 GET /eclipse/test/zerg/public/banner/aaa?XDEBUG_SESSION_START=11567
[ log ] localhost/eclipse/test/zerg/public/banner/aaa?XDEBUG_SESSION_START=11567 [运行时间：0.146728s][吞吐率：6.82req/s] [内存消耗：2,181.05kb] [文件加载：32]
[ info ] [ LANG ] D:\amp\www\eclipse\test\zerg\thinkphp\lang\zh-cn.php
[ info ] [ ROUTE ] array (
  'type' => 'module',
  'module' => 
  array (
    0 => 'api',
    1 => 'v1.Banner',
    2 => 'getBanner',
  ),
  'convert' => false,
)
[ info ] [ HEADER ] array (
  'cache-control' => 'no-cache',
  'postman-token' => '4f6b484d-8aaa-423b-b9a1-7eae3c4418a7',
  'user-agent' => 'PostmanRuntime/7.1.1',
  'accept' => '*/*',
  'host' => 'localhost',
  'cookie' => 'PHPSESSID=m4jgbe1j1jesgsesv3jbovlgr5; XDEBUG_SESSION=11567',
  'accept-encoding' => 'gzip, deflate',
  'connection' => 'keep-alive',
)
[ info ] [ PARAM ] array (
  'XDEBUG_SESSION_START' => '11567',
  'id' => 'aaa',
)
[ info ] [ RUN ] app\api\controller\v1\Banner->getBanner[ D:\amp\www\eclipse\test\zerg\application\api\controller\v1\Banner.php ]
[ info ] [ LOG ] INIT File
[ error ] [1]Class 'app\api\vaildate\Exception' not found[D:\amp\www\eclipse\test\zerg\application\api\vaildate\BaseVaildate.php:17]

---------------------------------------------------------------
[ 2018-02-05T11:10:18+08:00 ] ::1 ::1 GET /eclipse/test/zerg/public/banner/aaa?XDEBUG_SESSION_START=11567
[ log ] localhost/eclipse/test/zerg/public/banner/aaa?XDEBUG_SESSION_START=11567 [运行时间：0.025528s][吞吐率：39.17req/s] [内存消耗：2,158.17kb] [文件加载：31]
[ info ] [ LANG ] D:\amp\www\eclipse\test\zerg\thinkphp\lang\zh-cn.php
[ info ] [ ROUTE ] array (
  'type' => 'module',
  'module' => 
  array (
    0 => 'api',
    1 => 'v1.Banner',
    2 => 'getBanner',
  ),
  'convert' => false,
)
[ info ] [ HEADER ] array (
  'cache-control' => 'no-cache',
  'postman-token' => 'c5c331be-d9fd-40c6-aced-349864877aee',
  'user-agent' => 'PostmanRuntime/7.1.1',
  'accept' => '*/*',
  'host' => 'localhost',
  'cookie' => 'PHPSESSID=m4jgbe1j1jesgsesv3jbovlgr5; XDEBUG_SESSION=11567',
  'accept-encoding' => 'gzip, deflate',
  'connection' => 'keep-alive',
)
[ info ] [ PARAM ] array (
  'XDEBUG_SESSION_START' => '11567',
  'id' => 'aaa',
)
[ info ] [ RUN ] app\api\controller\v1\Banner->getBanner[ D:\amp\www\eclipse\test\zerg\application\api\controller\v1\Banner.php ]
[ info ] [ LOG ] INIT File
[ error ] [0]id必须是正整数[D:\amp\www\eclipse\test\zerg\application\api\vaildate\BaseVaildate.php:18]

---------------------------------------------------------------
[ 2018-02-05T11:10:58+08:00 ] ::1 ::1 GET /eclipse/test/zerg/public/banner/9999?XDEBUG_SESSION_START=11567
[ log ] localhost/eclipse/test/zerg/public/banner/9999?XDEBUG_SESSION_START=11567 [运行时间：15.684742s][吞吐率：0.06req/s] [内存消耗：2,080.26kb] [文件加载：28]
[ info ] [ LANG ] D:\amp\www\eclipse\test\zerg\thinkphp\lang\zh-cn.php
[ info ] [ ROUTE ] array (
  'type' => 'module',
  'module' => 
  array (
    0 => 'api',
    1 => 'v1.Banner',
    2 => 'getBanner',
  ),
  'convert' => false,
)
[ info ] [ HEADER ] array (
  'cache-control' => 'no-cache',
  'postman-token' => '90a81d42-c47b-4afb-bbfc-edbd03dc4d72',
  'user-agent' => 'PostmanRuntime/7.1.1',
  'accept' => '*/*',
  'host' => 'localhost',
  'cookie' => 'PHPSESSID=m4jgbe1j1jesgsesv3jbovlgr5; XDEBUG_SESSION=11567',
  'accept-encoding' => 'gzip, deflate',
  'connection' => 'keep-alive',
)
[ info ] [ PARAM ] array (
  'XDEBUG_SESSION_START' => '11567',
  'id' => '9999',
)
[ info ] [ RUN ] app\api\controller\v1\Banner->getBanner[ D:\amp\www\eclipse\test\zerg\application\api\controller\v1\Banner.php ]
[ info ] [ LOG ] INIT File

---------------------------------------------------------------
[ 2018-02-05T11:18:18+08:00 ] ::1 ::1 GET /eclipse/test/zerg/public/banner/l?XDEBUG_SESSION_START=11567
[ log ] localhost/eclipse/test/zerg/public/banner/l?XDEBUG_SESSION_START=11567 [运行时间：147.873629s][吞吐率：0.01req/s] [内存消耗：2,163.30kb] [文件加载：31]
[ info ] [ LANG ] D:\amp\www\eclipse\test\zerg\thinkphp\lang\zh-cn.php
[ info ] [ ROUTE ] array (
  'type' => 'module',
  'module' => 
  array (
    0 => 'api',
    1 => 'v1.Banner',
    2 => 'getBanner',
  ),
  'convert' => false,
)
[ info ] [ HEADER ] array (
  'cache-control' => 'no-cache',
  'postman-token' => 'cee2458a-7855-4017-842c-6077d3508992',
  'user-agent' => 'PostmanRuntime/7.1.1',
  'accept' => '*/*',
  'host' => 'localhost',
  'cookie' => 'PHPSESSID=m4jgbe1j1jesgsesv3jbovlgr5; XDEBUG_SESSION=11567',
  'accept-encoding' => 'gzip, deflate',
  'connection' => 'keep-alive',
)
[ info ] [ PARAM ] array (
  'XDEBUG_SESSION_START' => '11567',
  'id' => 'l',
)
[ info ] [ RUN ] app\api\controller\v1\Banner->getBanner[ D:\amp\www\eclipse\test\zerg\application\api\controller\v1\Banner.php ]
[ info ] [ LOG ] INIT File
[ error ] [0]id必须是正整数[D:\amp\www\eclipse\test\zerg\application\api\vaildate\BaseVaildate.php:18]

---------------------------------------------------------------
[ 2018-02-05T14:22:25+08:00 ] ::1 ::1 GET /eclipse/test/zerg/public/banner/l?XDEBUG_SESSION_START=11567
[ log ] localhost/eclipse/test/zerg/public/banner/l?XDEBUG_SESSION_START=11567 [运行时间：0.182774s][吞吐率：5.47req/s] [内存消耗：1,854.09kb] [文件加载：28]
[ info ] [ LANG ] D:\amp\www\eclipse\test\zerg\thinkphp\lang\zh-cn.php
[ info ] [ ROUTE ] array (
  'type' => 'module',
  'module' => 
  array (
    0 => 'api',
    1 => 'v1.Banner',
    2 => 'getBanner',
  ),
  'convert' => false,
)
[ info ] [ HEADER ] array (
  'cache-control' => 'no-cache',
  'postman-token' => '8443439f-1637-483d-bca9-b4f12f0f6249',
  'user-agent' => 'PostmanRuntime/7.1.1',
  'accept' => '*/*',
  'host' => 'localhost',
  'cookie' => 'PHPSESSID=m4jgbe1j1jesgsesv3jbovlgr5',
  'accept-encoding' => 'gzip, deflate',
  'connection' => 'keep-alive',
)
[ info ] [ PARAM ] array (
  'XDEBUG_SESSION_START' => '11567',
  'id' => 'l',
)
[ info ] [ LOG ] INIT File
[ error ] [4]语法错误: unexpected ';', expecting ']'[D:\amp\www\eclipse\test\zerg\application\api\controller\v1\Banner.php:22]

---------------------------------------------------------------
[ 2018-02-05T14:22:47+08:00 ] ::1 ::1 GET /eclipse/test/zerg/public/banner/l?XDEBUG_SESSION_START=11567
[ log ] localhost/eclipse/test/zerg/public/banner/l?XDEBUG_SESSION_START=11567 [运行时间：0.019256s][吞吐率：51.93req/s] [内存消耗：1,854.27kb] [文件加载：28]
[ info ] [ LANG ] D:\amp\www\eclipse\test\zerg\thinkphp\lang\zh-cn.php
[ info ] [ ROUTE ] array (
  'type' => 'module',
  'module' => 
  array (
    0 => 'api',
    1 => 'v1.Banner',
    2 => 'getBanner',
  ),
  'convert' => false,
)
[ info ] [ HEADER ] array (
  'cache-control' => 'no-cache',
  'postman-token' => 'a2dd04b6-6f49-4f84-81e0-edf2e70920be',
  'user-agent' => 'PostmanRuntime/7.1.1',
  'accept' => '*/*',
  'host' => 'localhost',
  'cookie' => 'PHPSESSID=m4jgbe1j1jesgsesv3jbovlgr5; XDEBUG_SESSION=11567',
  'accept-encoding' => 'gzip, deflate',
  'connection' => 'keep-alive',
)
[ info ] [ PARAM ] array (
  'XDEBUG_SESSION_START' => '11567',
  'id' => 'l',
)
[ info ] [ LOG ] INIT File
[ error ] [4]语法错误: unexpected 'json' (T_STRING)[D:\amp\www\eclipse\test\zerg\application\api\controller\v1\Banner.php:24]

---------------------------------------------------------------
[ 2018-02-05T14:24:52+08:00 ] ::1 ::1 GET /eclipse/test/zerg/public/banner/l?XDEBUG_SESSION_START=11567
[ log ] localhost/eclipse/test/zerg/public/banner/l?XDEBUG_SESSION_START=11567 [运行时间：0.035520s][吞吐率：28.15req/s] [内存消耗：2,160.50kb] [文件加载：31]
[ info ] [ LANG ] D:\amp\www\eclipse\test\zerg\thinkphp\lang\zh-cn.php
[ info ] [ ROUTE ] array (
  'type' => 'module',
  'module' => 
  array (
    0 => 'api',
    1 => 'v1.Banner',
    2 => 'getBanner',
  ),
  'convert' => false,
)
[ info ] [ HEADER ] array (
  'cache-control' => 'no-cache',
  'postman-token' => '171c95ef-d0f7-426b-889e-9a814d3a482c',
  'user-agent' => 'PostmanRuntime/7.1.1',
  'accept' => '*/*',
  'host' => 'localhost',
  'cookie' => 'PHPSESSID=m4jgbe1j1jesgsesv3jbovlgr5; XDEBUG_SESSION=11567',
  'accept-encoding' => 'gzip, deflate',
  'connection' => 'keep-alive',
)
[ info ] [ PARAM ] array (
  'XDEBUG_SESSION_START' => '11567',
  'id' => 'l',
)
[ info ] [ RUN ] app\api\controller\v1\Banner->getBanner[ D:\amp\www\eclipse\test\zerg\application\api\controller\v1\Banner.php ]
[ info ] [ LOG ] INIT File
[ error ] [0]id必须是正整数[D:\amp\www\eclipse\test\zerg\application\api\vaildate\BaseVaildate.php:18]

---------------------------------------------------------------
[ 2018-02-05T14:25:07+08:00 ] ::1 ::1 GET /eclipse/test/zerg/public/banner/1?XDEBUG_SESSION_START=11567
[ log ] localhost/eclipse/test/zerg/public/banner/1?XDEBUG_SESSION_START=11567 [运行时间：0.127125s][吞吐率：7.87req/s] [内存消耗：2,118.56kb] [文件加载：32]
[ info ] [ LANG ] D:\amp\www\eclipse\test\zerg\thinkphp\lang\zh-cn.php
[ info ] [ ROUTE ] array (
  'type' => 'module',
  'module' => 
  array (
    0 => 'api',
    1 => 'v1.Banner',
    2 => 'getBanner',
  ),
  'convert' => false,
)
[ info ] [ HEADER ] array (
  'cache-control' => 'no-cache',
  'postman-token' => 'bdd8799b-8ef2-469c-9062-135e985a5b9e',
  'user-agent' => 'PostmanRuntime/7.1.1',
  'accept' => '*/*',
  'host' => 'localhost',
  'cookie' => 'PHPSESSID=m4jgbe1j1jesgsesv3jbovlgr5; XDEBUG_SESSION=11567',
  'accept-encoding' => 'gzip, deflate',
  'connection' => 'keep-alive',
)
[ info ] [ PARAM ] array (
  'XDEBUG_SESSION_START' => '11567',
  'id' => '1',
)
[ info ] [ RUN ] app\api\controller\v1\Banner->getBanner[ D:\amp\www\eclipse\test\zerg\application\api\controller\v1\Banner.php ]
[ info ] [ LOG ] INIT File

---------------------------------------------------------------
[ 2018-02-05T14:25:17+08:00 ] ::1 ::1 GET /eclipse/test/zerg/public/banner/000?XDEBUG_SESSION_START=11567
[ log ] localhost/eclipse/test/zerg/public/banner/000?XDEBUG_SESSION_START=11567 [运行时间：0.027636s][吞吐率：36.18req/s] [内存消耗：2,160.45kb] [文件加载：31]
[ info ] [ LANG ] D:\amp\www\eclipse\test\zerg\thinkphp\lang\zh-cn.php
[ info ] [ ROUTE ] array (
  'type' => 'module',
  'module' => 
  array (
    0 => 'api',
    1 => 'v1.Banner',
    2 => 'getBanner',
  ),
  'convert' => false,
)
[ info ] [ HEADER ] array (
  'cache-control' => 'no-cache',
  'postman-token' => 'ec55b97e-0018-429c-9062-618876e55a51',
  'user-agent' => 'PostmanRuntime/7.1.1',
  'accept' => '*/*',
  'host' => 'localhost',
  'cookie' => 'PHPSESSID=m4jgbe1j1jesgsesv3jbovlgr5; XDEBUG_SESSION=11567',
  'accept-encoding' => 'gzip, deflate',
  'connection' => 'keep-alive',
)
[ info ] [ PARAM ] array (
  'XDEBUG_SESSION_START' => '11567',
  'id' => '000',
)
[ info ] [ RUN ] app\api\controller\v1\Banner->getBanner[ D:\amp\www\eclipse\test\zerg\application\api\controller\v1\Banner.php ]
[ info ] [ LOG ] INIT File
[ error ] [0]id必须是正整数[D:\amp\www\eclipse\test\zerg\application\api\vaildate\BaseVaildate.php:18]

---------------------------------------------------------------
[ 2018-02-05T14:25:23+08:00 ] ::1 ::1 GET /eclipse/test/zerg/public/banner/11?XDEBUG_SESSION_START=11567
[ log ] localhost/eclipse/test/zerg/public/banner/11?XDEBUG_SESSION_START=11567 [运行时间：0.017925s][吞吐率：55.79req/s] [内存消耗：2,118.48kb] [文件加载：32]
[ info ] [ LANG ] D:\amp\www\eclipse\test\zerg\thinkphp\lang\zh-cn.php
[ info ] [ ROUTE ] array (
  'type' => 'module',
  'module' => 
  array (
    0 => 'api',
    1 => 'v1.Banner',
    2 => 'getBanner',
  ),
  'convert' => false,
)
[ info ] [ HEADER ] array (
  'cache-control' => 'no-cache',
  'postman-token' => 'cd9aacb8-b036-403b-8471-ee464cca7d11',
  'user-agent' => 'PostmanRuntime/7.1.1',
  'accept' => '*/*',
  'host' => 'localhost',
  'cookie' => 'PHPSESSID=m4jgbe1j1jesgsesv3jbovlgr5; XDEBUG_SESSION=11567',
  'accept-encoding' => 'gzip, deflate',
  'connection' => 'keep-alive',
)
[ info ] [ PARAM ] array (
  'XDEBUG_SESSION_START' => '11567',
  'id' => '11',
)
[ info ] [ RUN ] app\api\controller\v1\Banner->getBanner[ D:\amp\www\eclipse\test\zerg\application\api\controller\v1\Banner.php ]
[ info ] [ LOG ] INIT File

---------------------------------------------------------------
[ 2018-02-05T15:02:56+08:00 ] ::1 ::1 GET /eclipse/test/zerg/public/banner/11?XDEBUG_SESSION_START=11567
[ log ] localhost/eclipse/test/zerg/public/banner/11?XDEBUG_SESSION_START=11567 [运行时间：0.023843s][吞吐率：41.94req/s] [内存消耗：2,174.66kb] [文件加载：33]
[ info ] [ LANG ] D:\amp\www\eclipse\test\zerg\thinkphp\lang\zh-cn.php
[ info ] [ ROUTE ] array (
  'type' => 'module',
  'module' => 
  array (
    0 => 'api',
    1 => 'v1.Banner',
    2 => 'getBanner',
  ),
  'convert' => false,
)
[ info ] [ HEADER ] array (
  'cache-control' => 'no-cache',
  'postman-token' => '95a5098a-17c5-4857-aa73-4b01dee8be95',
  'user-agent' => 'PostmanRuntime/7.1.1',
  'accept' => '*/*',
  'host' => 'localhost',
  'cookie' => 'PHPSESSID=m4jgbe1j1jesgsesv3jbovlgr5; XDEBUG_SESSION=11567',
  'accept-encoding' => 'gzip, deflate',
  'connection' => 'keep-alive',
)
[ info ] [ PARAM ] array (
  'XDEBUG_SESSION_START' => '11567',
  'id' => '11',
)
[ info ] [ RUN ] app\api\controller\v1\Banner->getBanner[ D:\amp\www\eclipse\test\zerg\application\api\controller\v1\Banner.php ]
[ info ] [ LOG ] INIT File
[ error ] [2]Division by zero[D:\amp\www\eclipse\test\zerg\application\api\model\Banner.php:8]

---------------------------------------------------------------
[ 2018-02-05T15:05:08+08:00 ] ::1 ::1 GET /eclipse/test/zerg/public/banner/11?XDEBUG_SESSION_START=11567
[ log ] localhost/eclipse/test/zerg/public/banner/11?XDEBUG_SESSION_START=11567 [运行时间：0.021477s][吞吐率：46.56req/s] [内存消耗：2,188.52kb] [文件加载：34]
[ info ] [ LANG ] D:\amp\www\eclipse\test\zerg\thinkphp\lang\zh-cn.php
[ info ] [ ROUTE ] array (
  'type' => 'module',
  'module' => 
  array (
    0 => 'api',
    1 => 'v1.Banner',
    2 => 'getBanner',
  ),
  'convert' => false,
)
[ info ] [ HEADER ] array (
  'cache-control' => 'no-cache',
  'postman-token' => 'f6791c6b-9c24-4394-bf52-b63d4cb61fe8',
  'user-agent' => 'PostmanRuntime/7.1.1',
  'accept' => '*/*',
  'host' => 'localhost',
  'cookie' => 'PHPSESSID=m4jgbe1j1jesgsesv3jbovlgr5; XDEBUG_SESSION=11567',
  'accept-encoding' => 'gzip, deflate',
  'connection' => 'keep-alive',
)
[ info ] [ PARAM ] array (
  'XDEBUG_SESSION_START' => '11567',
  'id' => '11',
)
[ info ] [ RUN ] app\api\controller\v1\Banner->getBanner[ D:\amp\www\eclipse\test\zerg\application\api\controller\v1\Banner.php ]
[ info ] [ LOG ] INIT File
[ error ] [2]Division by zero[D:\amp\www\eclipse\test\zerg\application\api\model\Banner.php:8]

---------------------------------------------------------------
[ 2018-02-05T15:29:01+08:00 ] ::1 ::1 GET /eclipse/test/zerg/public/banner/11?XDEBUG_SESSION_START=11567
[ log ] localhost/eclipse/test/zerg/public/banner/11?XDEBUG_SESSION_START=11567 [运行时间：0.043588s][吞吐率：22.94req/s] [内存消耗：2,193.52kb] [文件加载：34]
[ info ] [ LANG ] D:\amp\www\eclipse\test\zerg\thinkphp\lang\zh-cn.php
[ info ] [ ROUTE ] array (
  'type' => 'module',
  'module' => 
  array (
    0 => 'api',
    1 => 'v1.Banner',
    2 => 'getBanner',
  ),
  'convert' => false,
)
[ info ] [ HEADER ] array (
  'cache-control' => 'no-cache',
  'postman-token' => '463593ab-340f-46f1-ab46-16f5594190f7',
  'user-agent' => 'PostmanRuntime/7.1.1',
  'accept' => '*/*',
  'host' => 'localhost',
  'cookie' => 'PHPSESSID=m4jgbe1j1jesgsesv3jbovlgr5; XDEBUG_SESSION=11567',
  'accept-encoding' => 'gzip, deflate',
  'connection' => 'keep-alive',
)
[ info ] [ PARAM ] array (
  'XDEBUG_SESSION_START' => '11567',
  'id' => '11',
)
[ info ] [ RUN ] app\api\controller\v1\Banner->getBanner[ D:\amp\www\eclipse\test\zerg\application\api\controller\v1\Banner.php ]
[ info ] [ LOG ] INIT File
[ error ] [2]Division by zero[D:\amp\www\eclipse\test\zerg\application\api\model\Banner.php:8]

---------------------------------------------------------------
[ 2018-02-05T15:42:05+08:00 ] ::1 ::1 GET /eclipse/test/zerg/public/banner/11?XDEBUG_SESSION_START=11567
[ log ] localhost/eclipse/test/zerg/public/banner/11?XDEBUG_SESSION_START=11567 [运行时间：0.024269s][吞吐率：41.21req/s] [内存消耗：2,201.66kb] [文件加载：34]
[ info ] [ LANG ] D:\amp\www\eclipse\test\zerg\thinkphp\lang\zh-cn.php
[ info ] [ ROUTE ] array (
  'type' => 'module',
  'module' => 
  array (
    0 => 'api',
    1 => 'v1.Banner',
    2 => 'getBanner',
  ),
  'convert' => false,
)
[ info ] [ HEADER ] array (
  'cache-control' => 'no-cache',
  'postman-token' => '1529a7d5-c962-4391-ad26-76a5c178321e',
  'user-agent' => 'PostmanRuntime/7.1.1',
  'accept' => '*/*',
  'host' => 'localhost',
  'cookie' => 'PHPSESSID=m4jgbe1j1jesgsesv3jbovlgr5; XDEBUG_SESSION=11567',
  'accept-encoding' => 'gzip, deflate',
  'connection' => 'keep-alive',
)
[ info ] [ PARAM ] array (
  'XDEBUG_SESSION_START' => '11567',
  'id' => '11',
)
[ info ] [ RUN ] app\api\controller\v1\Banner->getBanner[ D:\amp\www\eclipse\test\zerg\application\api\controller\v1\Banner.php ]
[ info ] [ LOG ] INIT File
[ error ] [1]Class 'app\api\controller\v1\BannerMissException' not found[D:\amp\www\eclipse\test\zerg\application\api\controller\v1\Banner.php:20]

---------------------------------------------------------------
[ 2018-02-05T15:43:34+08:00 ] ::1 ::1 GET /eclipse/test/zerg/public/banner/11?XDEBUG_SESSION_START=11567
[ log ] localhost/eclipse/test/zerg/public/banner/11?XDEBUG_SESSION_START=11567 [运行时间：0.029186s][吞吐率：34.26req/s] [内存消耗：1,860.71kb] [文件加载：29]
[ info ] [ LANG ] D:\amp\www\eclipse\test\zerg\thinkphp\lang\zh-cn.php
[ info ] [ ROUTE ] array (
  'type' => 'module',
  'module' => 
  array (
    0 => 'api',
    1 => 'v1.Banner',
    2 => 'getBanner',
  ),
  'convert' => false,
)
[ info ] [ HEADER ] array (
  'cache-control' => 'no-cache',
  'postman-token' => 'f142b49c-5eb8-42ee-a14e-1d55c78f1f3d',
  'user-agent' => 'PostmanRuntime/7.1.1',
  'accept' => '*/*',
  'host' => 'localhost',
  'cookie' => 'PHPSESSID=m4jgbe1j1jesgsesv3jbovlgr5; XDEBUG_SESSION=11567',
  'accept-encoding' => 'gzip, deflate',
  'connection' => 'keep-alive',
)
[ info ] [ PARAM ] array (
  'XDEBUG_SESSION_START' => '11567',
  'id' => '11',
)
[ info ] [ LOG ] INIT File
[ error ] [64]Cannot use app\lib\exception as exception because the name is already in use[D:\amp\www\eclipse\test\zerg\application\api\controller\v1\Banner.php:6]

---------------------------------------------------------------
[ 2018-02-05T15:44:05+08:00 ] ::1 ::1 GET /eclipse/test/zerg/public/banner/11?XDEBUG_SESSION_START=11567
[ log ] localhost/eclipse/test/zerg/public/banner/11?XDEBUG_SESSION_START=11567 [运行时间：0.024449s][吞吐率：40.90req/s] [内存消耗：2,197.52kb] [文件加载：35]
[ info ] [ LANG ] D:\amp\www\eclipse\test\zerg\thinkphp\lang\zh-cn.php
[ info ] [ ROUTE ] array (
  'type' => 'module',
  'module' => 
  array (
    0 => 'api',
    1 => 'v1.Banner',
    2 => 'getBanner',
  ),
  'convert' => false,
)
[ info ] [ HEADER ] array (
  'cache-control' => 'no-cache',
  'postman-token' => '7bbc8815-1a09-4ca0-b313-28bc1c66cb58',
  'user-agent' => 'PostmanRuntime/7.1.1',
  'accept' => '*/*',
  'host' => 'localhost',
  'cookie' => 'PHPSESSID=m4jgbe1j1jesgsesv3jbovlgr5; XDEBUG_SESSION=11567',
  'accept-encoding' => 'gzip, deflate',
  'connection' => 'keep-alive',
)
[ info ] [ PARAM ] array (
  'XDEBUG_SESSION_START' => '11567',
  'id' => '11',
)
[ info ] [ RUN ] app\api\controller\v1\Banner->getBanner[ D:\amp\www\eclipse\test\zerg\application\api\controller\v1\Banner.php ]
[ info ] [ LOG ] INIT File
[ error ] [404][D:\amp\www\eclipse\test\zerg\application\api\controller\v1\Banner.php:21]

---------------------------------------------------------------
